<?xml version="1.0" encoding="UTF-8"?>
<testsuite name="com.hospital.HospitalManagementApplicationTests" tests="1" skipped="0" failures="0" errors="0" timestamp="2026-08-14T11:41:28.223Z" hostname="ANU" time="11.169">
  <properties/>
  <testcase name="contextLoads()" classname="com.hospital.HospitalManagementApplicationTests" time="1.111"/>
  <system-out><![CDATA[17:11:28.522 [Test worker] INFO org.springframework.test.context.support.AnnotationConfigContextLoaderUtils -- Could not detect default configuration classes for test class [com.hospital.HospitalManagementApplicationTests]: HospitalManagementApplicationTests does not declare any static, non-private, non-final, nested classes annotated with @Configuration.
17:11:28.848 [Test worker] INFO org.springframework.boot.test.context.SpringBootTestContextBootstrapper -- Found @SpringBootConfiguration com.hospital.HospitalManagementApplication for test class com.hospital.HospitalManagementApplicationTests

  .   ____          _            __ _ _
 /\\ / ___'_ __ _ _(_)_ __  __ _ \ \ \ \
( ( )\___ | '_ | '_| | '_ \/ _` | \ \ \ \
 \\/  ___)| |_)| | | | | || (_| |  ) ) ) )
  '  |____| .__|_| |_|_| |_\__, | / / / /
 =========|_|==============|___/=/_/_/_/

 :: Spring Boot ::                (v3.4.2)

2026-08-14T17:11:29.962+05:30  INFO 19552 --- [Hospital_Management] [    Test worker] c.h.HospitalManagementApplicationTests   : Starting HospitalManagementApplicationTests using Java 17.0.19 with PID 19552 (started by ptlan in C:\Users\ptlan\workspace-spring-tools-for-eclipse-5.2.0.RELEASE\Hospital_Management)
2026-08-14T17:11:29.965+05:30  INFO 19552 --- [Hospital_Management] [    Test worker] c.h.HospitalManagementApplicationTests   : No active profile set, falling back to 1 default profile: "default"
2026-08-14T17:11:31.405+05:30  INFO 19552 --- [Hospital_Management] [    Test worker] .s.d.r.c.RepositoryConfigurationDelegate : Bootstrapping Spring Data JPA repositories in DEFAULT mode.
2026-08-14T17:11:31.604+05:30  INFO 19552 --- [Hospital_Management] [    Test worker] .s.d.r.c.RepositoryConfigurationDelegate : Finished Spring Data repository scanning in 176 ms. Found 7 JPA repository interfaces.
2026-08-14T17:11:32.584+05:30  INFO 19552 --- [Hospital_Management] [    Test worker] o.hibernate.jpa.internal.util.LogHelper  : HHH000204: Processing PersistenceUnitInfo [name: default]
2026-08-14T17:11:32.720+05:30  INFO 19552 --- [Hospital_Management] [    Test worker] org.hibernate.Version                    : HHH000412: Hibernate ORM core version 6.6.5.Final
2026-08-14T17:11:32.806+05:30  INFO 19552 --- [Hospital_Management] [    Test worker] o.h.c.internal.RegionFactoryInitiator    : HHH000026: Second-level cache disabled
2026-08-14T17:11:33.491+05:30  INFO 19552 --- [Hospital_Management] [    Test worker] o.s.o.j.p.SpringPersistenceUnitInfo      : No LoadTimeWeaver setup: ignoring JPA class transformer
2026-08-14T17:11:33.585+05:30  INFO 19552 --- [Hospital_Management] [    Test worker] com.zaxxer.hikari.HikariDataSource       : HikariPool-1 - Starting...
2026-08-14T17:11:33.919+05:30  INFO 19552 --- [Hospital_Management] [    Test worker] com.zaxxer.hikari.pool.HikariPool        : HikariPool-1 - Added connection conn0: url=jdbc:h2:mem:hospitaldb user=SA
2026-08-14T17:11:33.923+05:30  INFO 19552 --- [Hospital_Management] [    Test worker] com.zaxxer.hikari.HikariDataSource       : HikariPool-1 - Start completed.
2026-08-14T17:11:33.978+05:30  WARN 19552 --- [Hospital_Management] [    Test worker] org.hibernate.orm.deprecation            : HHH90000025: H2Dialect does not need to be specified explicitly using 'hibernate.dialect' (remove the property setting and it will be selected by default)
2026-08-14T17:11:34.035+05:30  INFO 19552 --- [Hospital_Management] [    Test worker] org.hibernate.orm.connections.pooling    : HHH10001005: Database info:
	Database JDBC URL [Connecting through datasource 'HikariDataSource (HikariPool-1)']
	Database driver: undefined/unknown
	Database version: 2.3.232
	Autocommit mode: undefined/unknown
	Isolation level: undefined/unknown
	Minimum pool size: undefined/unknown
	Maximum pool size: undefined/unknown
2026-08-14T17:11:35.454+05:30  INFO 19552 --- [Hospital_Management] [    Test worker] o.h.e.t.j.p.i.JtaPlatformInitiator       : HHH000489: No JTA platform available (set 'hibernate.transaction.jta.platform' to enable JTA platform integration)
2026-08-14T17:11:35.585+05:30  INFO 19552 --- [Hospital_Management] [    Test worker] j.LocalContainerEntityManagerFactoryBean : Initialized JPA EntityManagerFactory for persistence unit 'default'
2026-08-14T17:11:36.537+05:30  WARN 19552 --- [Hospital_Management] [    Test worker] JpaBaseConfiguration$JpaWebConfiguration : spring.jpa.open-in-view is enabled by default. Therefore, database queries may be performed during view rendering. Explicitly configure spring.jpa.open-in-view to disable this warning
2026-08-14T17:11:36.578+05:30  INFO 19552 --- [Hospital_Management] [    Test worker] o.s.b.a.w.s.WelcomePageHandlerMapping    : Adding welcome page template: index
2026-08-14T17:11:37.142+05:30  INFO 19552 --- [Hospital_Management] [    Test worker] o.s.b.a.h2.H2ConsoleAutoConfiguration    : H2 console available at '/h2-console'. Database available at 'jdbc:h2:mem:hospitaldb'
2026-08-14T17:11:37.285+05:30  INFO 19552 --- [Hospital_Management] [    Test worker] c.h.HospitalManagementApplicationTests   : Started HospitalManagementApplicationTests in 7.99 seconds (process running for 10.609)
>>> Sample Hospital Data Initialized Successfully! <<<
]]></system-out>
  <system-err><![CDATA[]]></system-err>
</testsuite>
